REACHED
Parsed Data: Array
(
    [grand_total] => 225.61
    [cart] => Array
        (
            [0] => Array
                (
                    [id] => 16
                    [quantity] => 2
                )

            [1] => Array
                (
                    [id] => 21
                    [quantity] => 9
                )

        )

)

Order inserted. ID: 14
REACHED
Parsed Data: Array
(
    [grand_total] => 225.61
    [cart] => Array
        (
            [0] => Array
                (
                    [id] => 16
                    [quantity] => 2
                )

            [1] => Array
                (
                    [id] => 21
                    [quantity] => 9
                )

        )

)

Order inserted. ID: 15
Inserting item: order_id=15, dish_id=16, quantity=2
Item inserted successfully.
Inserting item: order_id=15, dish_id=21, quantity=9
Item inserted successfully.
Inserting item: order_id=2, dish_id=16, quantity=2
Item inserted successfully.
Inserting item: order_id=2, dish_id=21, quantity=9
Item inserted successfully.
